checking for --enable-debug-build option... -------------------- no

--------------------

pkg_config: checking for pkg-config for libffi... -------------------- not found

PATH=".;c:/Ruby33-x64/lib;c:\Ruby33-x64\bin;c:\Ruby33-x64\msys64\ucrt64\bin;c:\Ruby33-x64\msys64\usr\bin;C:\Program Files (x86)\Common Files\Oracle\Java\java8path;C:\Program Files (x86)\Common Files\Oracle\Java\javapath;C:\Windows\system32;C:\Windows;C:\Windows\System32\Wbem;C:\Windows\System32\WindowsPowerShell\v1.0\;C:\Windows\System32\OpenSSH\;C:\Program Files (x86)\NVIDIA Corporation\PhysX\Common;C:\Program Files\NVIDIA Corporation\NVIDIA NvDLISR;C:\Program Files\Git\cmd;C:\Program Files\IDM Computer Solutions\UltraEdit;C:\Program Files\IDM Computer Solutions\UltraCompare;C:\Program Files\Java\jdk1.8.0_341\bin;C:\Program Files\nodejs\;C:\Program Files\PostgreSQL\17\bin;C:\Ruby33-x64\bin;C:\Program Files\MySQL\MySQL Shell 8.0\bin\;C:\Users\mohgs\AppData\Local\Microsoft\WindowsApps;C:\Users\mohgs\AppData\Local\Programs\Microsoft VS Code\bin;C:\Program Files\JetBrains\PyCharm 2023.2.5\bin;;C:\Users\mohgs\AppData\Roaming\npm;C:\Users\mohgs\.local\share\gem\ruby\3.3.0\bin;" x86_64-w64-mingw32-pkg-config --exists libffi
package configuration for libffi is not found
--------------------

have_header: checking for ffi.h... -------------------- no

PATH=".;c:/Ruby33-x64/lib;c:\Ruby33-x64\bin;c:\Ruby33-x64\msys64\ucrt64\bin;c:\Ruby33-x64\msys64\usr\bin;C:\Program Files (x86)\Common Files\Oracle\Java\java8path;C:\Program Files (x86)\Common Files\Oracle\Java\javapath;C:\Windows\system32;C:\Windows;C:\Windows\System32\Wbem;C:\Windows\System32\WindowsPowerShell\v1.0\;C:\Windows\System32\OpenSSH\;C:\Program Files (x86)\NVIDIA Corporation\PhysX\Common;C:\Program Files\NVIDIA Corporation\NVIDIA NvDLISR;C:\Program Files\Git\cmd;C:\Program Files\IDM Computer Solutions\UltraEdit;C:\Program Files\IDM Computer Solutions\UltraCompare;C:\Program Files\Java\jdk1.8.0_341\bin;C:\Program Files\nodejs\;C:\Program Files\PostgreSQL\17\bin;C:\Ruby33-x64\bin;C:\Program Files\MySQL\MySQL Shell 8.0\bin\;C:\Users\mohgs\AppData\Local\Microsoft\WindowsApps;C:\Users\mohgs\AppData\Local\Programs\Microsoft VS Code\bin;C:\Program Files\JetBrains\PyCharm 2023.2.5\bin;;C:\Users\mohgs\AppData\Roaming\npm;C:\Users\mohgs\.local\share\gem\ruby\3.3.0\bin;" "gcc -o conftest.exe -Ic:/Ruby33-x64/include/ruby-3.3.0/x64-mingw-ucrt -Ic:/Ruby33-x64/include/ruby-3.3.0/ruby/backward -Ic:/Ruby33-x64/include/ruby-3.3.0 -I.  -DFD_SETSIZE=2048 -D_WIN32_WINNT=0x0600 -D__MINGW_USE_VC2005_COMPAT -D_FILE_OFFSET_BITS=64  -O3 -fno-fast-math -fstack-protector-strong conftest.c  -L. -Lc:/Ruby33-x64/lib -L. -pipe -s -fstack-protector-strong -Wl,--no-as-needed     -lx64-ucrt-ruby330  -lshell32 -lws2_32 -liphlpapi -limagehlp -lshlwapi -lbcrypt  "
checked program was:
/* begin */
1: #include "ruby.h"
2: 
3: #include <winsock2.h>
4: #include <windows.h>
5: int main(int argc, char **argv)
6: {
7:   return !!argv[argc];
8: }
/* end */

PATH=".;c:/Ruby33-x64/lib;c:\Ruby33-x64\bin;c:\Ruby33-x64\msys64\ucrt64\bin;c:\Ruby33-x64\msys64\usr\bin;C:\Program Files (x86)\Common Files\Oracle\Java\java8path;C:\Program Files (x86)\Common Files\Oracle\Java\javapath;C:\Windows\system32;C:\Windows;C:\Windows\System32\Wbem;C:\Windows\System32\WindowsPowerShell\v1.0\;C:\Windows\System32\OpenSSH\;C:\Program Files (x86)\NVIDIA Corporation\PhysX\Common;C:\Program Files\NVIDIA Corporation\NVIDIA NvDLISR;C:\Program Files\Git\cmd;C:\Program Files\IDM Computer Solutions\UltraEdit;C:\Program Files\IDM Computer Solutions\UltraCompare;C:\Program Files\Java\jdk1.8.0_341\bin;C:\Program Files\nodejs\;C:\Program Files\PostgreSQL\17\bin;C:\Ruby33-x64\bin;C:\Program Files\MySQL\MySQL Shell 8.0\bin\;C:\Users\mohgs\AppData\Local\Microsoft\WindowsApps;C:\Users\mohgs\AppData\Local\Programs\Microsoft VS Code\bin;C:\Program Files\JetBrains\PyCharm 2023.2.5\bin;;C:\Users\mohgs\AppData\Roaming\npm;C:\Users\mohgs\.local\share\gem\ruby\3.3.0\bin;" "gcc -Ic:/Ruby33-x64/include/ruby-3.3.0/x64-mingw-ucrt -Ic:/Ruby33-x64/include/ruby-3.3.0/ruby/backward -Ic:/Ruby33-x64/include/ruby-3.3.0 -I.  -DFD_SETSIZE=2048 -D_WIN32_WINNT=0x0600 -D__MINGW_USE_VC2005_COMPAT -D_FILE_OFFSET_BITS=64  -O3 -fno-fast-math -fstack-protector-strong   -c conftest.c"
conftest.c:5:10: fatal error: ffi.h: No such file or directory
    5 | #include <ffi.h>
      |          ^~~~~~~
compilation terminated.
checked program was:
/* begin */
1: #include "ruby.h"
2: 
3: #include <winsock2.h>
4: #include <windows.h>
5: #include <ffi.h>
/* end */

--------------------

have_header: checking for ffi/ffi.h... -------------------- no

PATH=".;c:/Ruby33-x64/lib;c:\Ruby33-x64\bin;c:\Ruby33-x64\msys64\ucrt64\bin;c:\Ruby33-x64\msys64\usr\bin;C:\Program Files (x86)\Common Files\Oracle\Java\java8path;C:\Program Files (x86)\Common Files\Oracle\Java\javapath;C:\Windows\system32;C:\Windows;C:\Windows\System32\Wbem;C:\Windows\System32\WindowsPowerShell\v1.0\;C:\Windows\System32\OpenSSH\;C:\Program Files (x86)\NVIDIA Corporation\PhysX\Common;C:\Program Files\NVIDIA Corporation\NVIDIA NvDLISR;C:\Program Files\Git\cmd;C:\Program Files\IDM Computer Solutions\UltraEdit;C:\Program Files\IDM Computer Solutions\UltraCompare;C:\Program Files\Java\jdk1.8.0_341\bin;C:\Program Files\nodejs\;C:\Program Files\PostgreSQL\17\bin;C:\Ruby33-x64\bin;C:\Program Files\MySQL\MySQL Shell 8.0\bin\;C:\Users\mohgs\AppData\Local\Microsoft\WindowsApps;C:\Users\mohgs\AppData\Local\Programs\Microsoft VS Code\bin;C:\Program Files\JetBrains\PyCharm 2023.2.5\bin;;C:\Users\mohgs\AppData\Roaming\npm;C:\Users\mohgs\.local\share\gem\ruby\3.3.0\bin;" "gcc -Ic:/Ruby33-x64/include/ruby-3.3.0/x64-mingw-ucrt -Ic:/Ruby33-x64/include/ruby-3.3.0/ruby/backward -Ic:/Ruby33-x64/include/ruby-3.3.0 -I.  -DFD_SETSIZE=2048 -D_WIN32_WINNT=0x0600 -D__MINGW_USE_VC2005_COMPAT -D_FILE_OFFSET_BITS=64  -O3 -fno-fast-math -fstack-protector-strong   -c conftest.c"
conftest.c:5:10: fatal error: ffi/ffi.h: No such file or directory
    5 | #include <ffi/ffi.h>
      |          ^~~~~~~~~~~
compilation terminated.
checked program was:
/* begin */
1: #include "ruby.h"
2: 
3: #include <winsock2.h>
4: #include <windows.h>
5: #include <ffi/ffi.h>
/* end */

--------------------

